{
  "stats": {
    "suites": 15,
    "tests": 49,
    "passes": 34,
    "pending": 0,
    "failures": 15,
    "start": "2022-11-16T11:20:27.000Z",
    "end": "2022-11-16T11:21:58.554Z",
    "duration": 91554,
    "testsRegistered": 49,
    "passPercent": 69.38775510204081,
    "pendingPercent": 0,
    "other": 0,
    "hasOther": false,
    "skipped": 0,
    "hasSkipped": false
  },
  "results": [
    {
      "uuid": "c5bc1c1c-1ce5-452e-a699-973362dc1476",
      "title": "",
      "fullFile": "cypress/integration/project.spec.js",
      "file": "cypress/integration/project.spec.js",
      "beforeHooks": [],
      "afterHooks": [],
      "tests": [],
      "suites": [
        {
          "uuid": "d3ce3a5b-24ea-449f-9370-eed90395a4de",
          "title": "1 - Adicione à página o título \"Paleta de Cores\"",
          "fullFile": "",
          "file": "",
          "beforeHooks": [],
          "afterHooks": [],
          "tests": [
            {
              "title": "Verifica se contém um elemento `h1` com o id `title` com o título correto",
              "fullTitle": "1 - Adicione à página o título \"Paleta de Cores\" Verifica se contém um elemento `h1` com o id `title` com o título correto",
              "timedOut": null,
              "duration": 223,
              "state": "passed",
              "speed": "slow",
              "pass": true,
              "fail": false,
              "pending": false,
              "context": null,
              "code": "cy.get('h1#title').should('contain.text', 'Paleta de Cores');",
              "err": {},
              "uuid": "77e28c52-8bf5-4e92-b594-fa3a140c6ca4",
              "parentUUID": "d3ce3a5b-24ea-449f-9370-eed90395a4de",
              "isHook": false,
              "skipped": false
            }
          ],
          "suites": [],
          "passes": [
            "77e28c52-8bf5-4e92-b594-fa3a140c6ca4"
          ],
          "failures": [],
          "pending": [],
          "skipped": [],
          "duration": 223,
          "root": false,
          "rootEmpty": false,
          "_timeout": 2000
        },
        {
          "uuid": "42bed89b-10c0-4a55-b6d7-44fd1e20db04",
          "title": "2 - Adicione à página uma paleta contendo quatro cores distintas",
          "fullFile": "",
          "file": "",
          "beforeHooks": [],
          "afterHooks": [],
          "tests": [
            {
              "title": "A paleta de cores deve ser um elemento com `id` denominado `color-palette` e ter mais de 0px de altura e de largura.",
              "fullTitle": "2 - Adicione à página uma paleta contendo quatro cores distintas A paleta de cores deve ser um elemento com `id` denominado `color-palette` e ter mais de 0px de altura e de largura.",
              "timedOut": null,
              "duration": 145,
              "state": "passed",
              "speed": "slow",
              "pass": true,
              "fail": false,
              "pending": false,
              "context": null,
              "code": "cy.get('#color-palette').should('be.visible');\ncy.get('#color-palette').children('.color');",
              "err": {},
              "uuid": "54620091-26ee-4091-9d70-a1741590fe15",
              "parentUUID": "42bed89b-10c0-4a55-b6d7-44fd1e20db04",
              "isHook": false,
              "skipped": false
            },
            {
              "title": "Verifica se cada cor individual da paleta de cores possui a `classe` chamada `color`.",
              "fullTitle": "2 - Adicione à página uma paleta contendo quatro cores distintas Verifica se cada cor individual da paleta de cores possui a `classe` chamada `color`.",
              "timedOut": null,
              "duration": 155,
              "state": "passed",
              "speed": "slow",
              "pass": true,
              "fail": false,
              "pending": false,
              "context": null,
              "code": "cy.get('.color').should('have.length', 4).then(function (colors) {\n  for (var i = 0; i < colors.length; i++) {\n    cy.wrap(colors[i]).should('be.visible');\n  }\n});",
              "err": {},
              "uuid": "c1ec698c-95ce-46c7-bff0-12552750528e",
              "parentUUID": "42bed89b-10c0-4a55-b6d7-44fd1e20db04",
              "isHook": false,
              "skipped": false
            },
            {
              "title": "Verifica se a cor de fundo de cada elemento da paleta é a cor que o elemento representa. **A única cor não permitida na paleta é a cor branca.**",
              "fullTitle": "2 - Adicione à página uma paleta contendo quatro cores distintas Verifica se a cor de fundo de cada elemento da paleta é a cor que o elemento representa. **A única cor não permitida na paleta é a cor branca.**",
              "timedOut": null,
              "duration": 226,
              "state": "passed",
              "speed": "slow",
              "pass": true,
              "fail": false,
              "pending": false,
              "context": null,
              "code": "cy.get('.color').each(function (color) {\n  cy.wrap(color).should('have.class', 'color').and('not.have.css', 'background-color', WHITE);\n  cy.wrap(color).should('have.css', 'background-color');\n});",
              "err": {},
              "uuid": "8ee0b6d6-f278-4942-9f85-13bbe9712cb8",
              "parentUUID": "42bed89b-10c0-4a55-b6d7-44fd1e20db04",
              "isHook": false,
              "skipped": false
            },
            {
              "title": "Verifica se cada elemento da paleta de cores tem uma borda preta, sólida e com 1 pixel de largura;",
              "fullTitle": "2 - Adicione à página uma paleta contendo quatro cores distintas Verifica se cada elemento da paleta de cores tem uma borda preta, sólida e com 1 pixel de largura;",
              "timedOut": null,
              "duration": 148,
              "state": "passed",
              "speed": "slow",
              "pass": true,
              "fail": false,
              "pending": false,
              "context": null,
              "code": "cy.get('.color').each(function (color) {\n  cy.wrap(color).and('have.css', 'border', \"1px solid \".concat(BLACK)).and('have.class', 'color');\n});",
              "err": {},
              "uuid": "e3b42649-8c46-436d-a25a-4655eda0af70",
              "parentUUID": "42bed89b-10c0-4a55-b6d7-44fd1e20db04",
              "isHook": false,
              "skipped": false
            },
            {
              "title": "Verifica se a paleta lista todas as cores disponíveis para utilização, lado a lado.",
              "fullTitle": "2 - Adicione à página uma paleta contendo quatro cores distintas Verifica se a paleta lista todas as cores disponíveis para utilização, lado a lado.",
              "timedOut": null,
              "duration": 152,
              "state": "passed",
              "speed": "slow",
              "pass": true,
              "fail": false,
              "pending": false,
              "context": null,
              "code": "cy.get('.color').then(function (colors) {\n  for (var index = 1; index < colors.length; index += 1) {\n    var currentColor = colors[index];\n    var previousColor = colors[index - 1];\n    cy.wrap(currentColor).should('be.onTheRightOf', previousColor).and('be.horizontallyAlignedWith', previousColor);\n  }\n});",
              "err": {},
              "uuid": "2586f79a-3d37-40c9-877f-700c83cd95e5",
              "parentUUID": "42bed89b-10c0-4a55-b6d7-44fd1e20db04",
              "isHook": false,
              "skipped": false
            },
            {
              "title": "Verifica se a paleta de cores está posicionada abaixo do título 'Paleta de Cores'",
              "fullTitle": "2 - Adicione à página uma paleta contendo quatro cores distintas Verifica se a paleta de cores está posicionada abaixo do título 'Paleta de Cores'",
              "timedOut": null,
              "duration": 148,
              "state": "passed",
              "speed": "slow",
              "pass": true,
              "fail": false,
              "pending": false,
              "context": null,
              "code": "cy.get('h1#title').then(function (title) {\n  cy.get('#color-palette').should('be.belowOf', title);\n});",
              "err": {},
              "uuid": "c9925d88-cfca-450f-88d8-1d3db30b5a63",
              "parentUUID": "42bed89b-10c0-4a55-b6d7-44fd1e20db04",
              "isHook": false,
              "skipped": false
            },
            {
              "title": "Verifica se a paleta de cores não contém cores repetidas.",
              "fullTitle": "2 - Adicione à página uma paleta contendo quatro cores distintas Verifica se a paleta de cores não contém cores repetidas.",
              "timedOut": null,
              "duration": 109,
              "state": "passed",
              "speed": "slow",
              "pass": true,
              "fail": false,
              "pending": false,
              "context": null,
              "code": "cy.get('.color').then(function (colors) {\n  var allColors = Array.from(colors).map(function (color) {\n    return Cypress.$(color).css('background-color');\n  });\n  cy.log(allColors);\n  var uniqColors = (0, _toConsumableArray2[\"default\"])(new Set(allColors));\n  cy.log(uniqColors);\n  expect(allColors.length).to.eq(uniqColors.length);\n});",
              "err": {},
              "uuid": "0dc14a79-e9a2-4c33-ad1f-a71dcecae3fe",
              "parentUUID": "42bed89b-10c0-4a55-b6d7-44fd1e20db04",
              "isHook": false,
              "skipped": false
            }
          ],
          "suites": [],
          "passes": [
            "54620091-26ee-4091-9d70-a1741590fe15",
            "c1ec698c-95ce-46c7-bff0-12552750528e",
            "8ee0b6d6-f278-4942-9f85-13bbe9712cb8",
            "e3b42649-8c46-436d-a25a-4655eda0af70",
            "2586f79a-3d37-40c9-877f-700c83cd95e5",
            "c9925d88-cfca-450f-88d8-1d3db30b5a63",
            "0dc14a79-e9a2-4c33-ad1f-a71dcecae3fe"
          ],
          "failures": [],
          "pending": [],
          "skipped": [],
          "duration": 1083,
          "root": false,
          "rootEmpty": false,
          "_timeout": 2000
        },
        {
          "uuid": "21a2e2a2-ed79-45a2-8c2b-e11227f875a5",
          "title": "3 - Adicione a cor **preta** como a primeira cor da paleta de cores",
          "fullFile": "",
          "file": "",
          "beforeHooks": [],
          "afterHooks": [],
          "tests": [
            {
              "title": "Verifica se a primeira cor da paleta é preta",
              "fullTitle": "3 - Adicione a cor **preta** como a primeira cor da paleta de cores Verifica se a primeira cor da paleta é preta",
              "timedOut": null,
              "duration": 111,
              "state": "passed",
              "speed": "slow",
              "pass": true,
              "fail": false,
              "pending": false,
              "context": null,
              "code": "cy.get('.color').first().should('have.css', 'background-color', BLACK);",
              "err": {},
              "uuid": "5168147f-5dc7-48dc-861c-f778a7167e65",
              "parentUUID": "21a2e2a2-ed79-45a2-8c2b-e11227f875a5",
              "isHook": false,
              "skipped": false
            },
            {
              "title": "Verifica se as demais cores podem ser escolhidas livremente.",
              "fullTitle": "3 - Adicione a cor **preta** como a primeira cor da paleta de cores Verifica se as demais cores podem ser escolhidas livremente.",
              "timedOut": null,
              "duration": 147,
              "state": "passed",
              "speed": "slow",
              "pass": true,
              "fail": false,
              "pending": false,
              "context": null,
              "code": "cy.get('.color').eq(1).should('not.have.css', 'background-color', BLACK);\ncy.get('.color').eq(1).should('not.have.css', 'background-color', WHITE);\ncy.get('.color').eq(1).should('not.have.css', 'background-color', 'rgba(0, 0, 0, 0)');\ncy.get('.color').eq(1).should('have.css', 'background-color');\ncy.get('.color').eq(2).should('not.have.css', 'background-color', BLACK);\ncy.get('.color').eq(2).should('not.have.css', 'background-color', WHITE);\ncy.get('.color').eq(2).should('not.have.css', 'background-color', 'rgba(0, 0, 0, 0)');\ncy.get('.color').eq(2).should('have.css', 'background-color');\ncy.get('.color').eq(3).should('not.have.css', 'background-color', BLACK);\ncy.get('.color').eq(3).should('not.have.css', 'background-color', WHITE);\ncy.get('.color').eq(3).should('not.have.css', 'background-color', 'rgba(0, 0, 0, 0)');\ncy.get('.color').eq(3).should('have.css', 'background-color');",
              "err": {},
              "uuid": "fbf006c5-9a3d-4ad0-94f5-58d86bbb6f56",
              "parentUUID": "21a2e2a2-ed79-45a2-8c2b-e11227f875a5",
              "isHook": false,
              "skipped": false
            }
          ],
          "suites": [],
          "passes": [
            "5168147f-5dc7-48dc-861c-f778a7167e65",
            "fbf006c5-9a3d-4ad0-94f5-58d86bbb6f56"
          ],
          "failures": [],
          "pending": [],
          "skipped": [],
          "duration": 258,
          "root": false,
          "rootEmpty": false,
          "_timeout": 2000
        },
        {
          "uuid": "b41a9756-828f-44df-b1a1-cb3658f67b77",
          "title": "4 - Adicione um botão para gerar cores aleatórias para a paleta de cores",
          "fullFile": "",
          "file": "",
          "beforeHooks": [],
          "afterHooks": [],
          "tests": [
            {
              "title": "O botão deve possuir o `id` denominado `button-random-color`",
              "fullTitle": "4 - Adicione um botão para gerar cores aleatórias para a paleta de cores O botão deve possuir o `id` denominado `button-random-color`",
              "timedOut": null,
              "duration": 138,
              "state": "passed",
              "speed": "slow",
              "pass": true,
              "fail": false,
              "pending": false,
              "context": null,
              "code": "cy.get('#button-random-color').should('be.visible');",
              "err": {},
              "uuid": "b0fac810-4373-4881-b165-d147bf2f1e88",
              "parentUUID": "b41a9756-828f-44df-b1a1-cb3658f67b77",
              "isHook": false,
              "skipped": false
            },
            {
              "title": "O botão deve possuir o texto `Cores aleatórias`",
              "fullTitle": "4 - Adicione um botão para gerar cores aleatórias para a paleta de cores O botão deve possuir o texto `Cores aleatórias`",
              "timedOut": null,
              "duration": 111,
              "state": "passed",
              "speed": "slow",
              "pass": true,
              "fail": false,
              "pending": false,
              "context": null,
              "code": "cy.get('#button-random-color').contains('Cores aleatórias');",
              "err": {},
              "uuid": "3edb1407-7550-4d2f-bd9e-e9459850e6c4",
              "parentUUID": "b41a9756-828f-44df-b1a1-cb3658f67b77",
              "isHook": false,
              "skipped": false
            },
            {
              "title": "As cores geradas na paleta são diferentes a cada click do botão.",
              "fullTitle": "4 - Adicione um botão para gerar cores aleatórias para a paleta de cores As cores geradas na paleta são diferentes a cada click do botão.",
              "timedOut": null,
              "duration": 515,
              "state": "passed",
              "speed": "slow",
              "pass": true,
              "fail": false,
              "pending": false,
              "context": null,
              "code": "cy.get('.color').then(function (colors) {\n  var currentColors;\n  var previousColors;\n  previousColors = Array.from(colors).map(function (color) {\n    return Cypress.$(color).css('background-color');\n  });\n  for (var i = 0; i < 5; i += 1) {\n    cy.get('#button-random-color').click();\n    cy.get('.color').then(function (colors) {\n      currentColors = Array.from(colors).map(function (color) {\n        return Cypress.$(color).css('background-color');\n      });\n      expect(currentColors).not.to.deep.equal(previousColors);\n      previousColors = currentColors;\n    });\n  }\n});",
              "err": {},
              "uuid": "0fec9ab4-4bd2-4d66-a8c8-77f8ccadebf9",
              "parentUUID": "b41a9756-828f-44df-b1a1-cb3658f67b77",
              "isHook": false,
              "skipped": false
            },
            {
              "title": "A cor preta deve ser a primeira na sua paleta de cores",
              "fullTitle": "4 - Adicione um botão para gerar cores aleatórias para a paleta de cores A cor preta deve ser a primeira na sua paleta de cores",
              "timedOut": null,
              "duration": 453,
              "state": "passed",
              "speed": "slow",
              "pass": true,
              "fail": false,
              "pending": false,
              "context": null,
              "code": "cy.get('.color').then(function (colors) {\n  var currentColors;\n  var previousColors;\n  previousColors = Array.from(colors).map(function (color) {\n    return Cypress.$(color).css('background-color');\n  });\n  expect(previousColors[0]).to.eq(BLACK);\n  for (var i = 0; i < 5; i += 1) {\n    cy.get('#button-random-color').click();\n    cy.get('.color').then(function (colors) {\n      currentColors = Array.from(colors).map(function (color) {\n        return Cypress.$(color).css('background-color');\n      });\n      expect(currentColors[0]).to.eq(BLACK);\n      expect(currentColors).not.to.deep.equal(previousColors);\n      previousColors = currentColors;\n    });\n  }\n});",
              "err": {},
              "uuid": "94b45c2b-5b78-482e-9b47-aef68b251c90",
              "parentUUID": "b41a9756-828f-44df-b1a1-cb3658f67b77",
              "isHook": false,
              "skipped": false
            }
          ],
          "suites": [],
          "passes": [
            "b0fac810-4373-4881-b165-d147bf2f1e88",
            "3edb1407-7550-4d2f-bd9e-e9459850e6c4",
            "0fec9ab4-4bd2-4d66-a8c8-77f8ccadebf9",
            "94b45c2b-5b78-482e-9b47-aef68b251c90"
          ],
          "failures": [],
          "pending": [],
          "skipped": [],
          "duration": 1217,
          "root": false,
          "rootEmpty": false,
          "_timeout": 2000
        },
        {
          "uuid": "fe739799-21ec-4a3a-b9a0-a7eb24f16707",
          "title": "5 - Implemente uma função usando localStorage para que a paleta de cores gerada aleatoriamente seja mantida após recarregar a página",
          "fullFile": "",
          "file": "",
          "beforeHooks": [],
          "afterHooks": [],
          "tests": [
            {
              "title": "A paleta gerada deve ser salva no localStorage com a chave `colorPalette`",
              "fullTitle": "5 - Implemente uma função usando localStorage para que a paleta de cores gerada aleatoriamente seja mantida após recarregar a página A paleta gerada deve ser salva no localStorage com a chave `colorPalette`",
              "timedOut": null,
              "duration": 159,
              "state": "passed",
              "speed": "slow",
              "pass": true,
              "fail": false,
              "pending": false,
              "context": null,
              "code": "cy.get('#button-random-color').click().should(function () {\n  expect(localStorage.getItem('colorPalette')).to.not.equal(null);\n});",
              "err": {},
              "uuid": "d7bf1c07-1f99-42cf-8fa0-15ca1e06a0c7",
              "parentUUID": "fe739799-21ec-4a3a-b9a0-a7eb24f16707",
              "isHook": false,
              "skipped": false
            },
            {
              "title": "A paleta gerada deve ser mantida ao recarregar a página",
              "fullTitle": "5 - Implemente uma função usando localStorage para que a paleta de cores gerada aleatoriamente seja mantida após recarregar a página A paleta gerada deve ser mantida ao recarregar a página",
              "timedOut": null,
              "duration": 180,
              "state": "passed",
              "speed": "slow",
              "pass": true,
              "fail": false,
              "pending": false,
              "context": null,
              "code": "cy.get('#button-random-color').click();\ncy.get('.color').then(function (colors) {\n  var currentColors;\n  var previousColors;\n  previousColors = Array.from(colors).map(function (color) {\n    return Cypress.$(color).css('background-color');\n  });\n  cy.reload();\n  cy.get('.color').then(function (colorsAfter) {\n    currentColors = Array.from(colorsAfter).map(function (colorAfter) {\n      return Cypress.$(colorAfter).css('background-color');\n    });\n    expect(currentColors).to.deep.equal(previousColors);\n  });\n});",
              "err": {},
              "uuid": "d5005f72-f246-40e4-b8c1-9c277bdeff16",
              "parentUUID": "fe739799-21ec-4a3a-b9a0-a7eb24f16707",
              "isHook": false,
              "skipped": false
            }
          ],
          "suites": [],
          "passes": [
            "d7bf1c07-1f99-42cf-8fa0-15ca1e06a0c7",
            "d5005f72-f246-40e4-b8c1-9c277bdeff16"
          ],
          "failures": [],
          "pending": [],
          "skipped": [],
          "duration": 339,
          "root": false,
          "rootEmpty": false,
          "_timeout": 2000
        },
        {
          "uuid": "a5ce8012-a0fe-45e2-a07e-18d898b631e7",
          "title": "6 - Adicione à página um quadro contendo 25 pixels",
          "fullFile": "",
          "file": "",
          "beforeHooks": [],
          "afterHooks": [],
          "tests": [
            {
              "title": "Verifica se o quadro de pixels possui o `id` denominado `pixel-board`",
              "fullTitle": "6 - Adicione à página um quadro contendo 25 pixels Verifica se o quadro de pixels possui o `id` denominado `pixel-board`",
              "timedOut": null,
              "duration": 109,
              "state": "passed",
              "speed": "slow",
              "pass": true,
              "fail": false,
              "pending": false,
              "context": null,
              "code": "cy.get('#pixel-board').should('be.visible');",
              "err": {},
              "uuid": "87dd0d0f-e843-40d1-8478-58272c8f8b6a",
              "parentUUID": "a5ce8012-a0fe-45e2-a07e-18d898b631e7",
              "isHook": false,
              "skipped": false
            },
            {
              "title": "Verifica se cada pixel individual dentro do quadro possui a `classe` denominada `pixel`.",
              "fullTitle": "6 - Adicione à página um quadro contendo 25 pixels Verifica se cada pixel individual dentro do quadro possui a `classe` denominada `pixel`.",
              "timedOut": null,
              "duration": 145,
              "state": "passed",
              "speed": "slow",
              "pass": true,
              "fail": false,
              "pending": false,
              "context": null,
              "code": "cy.get('.pixel').should('have.length', 25);",
              "err": {},
              "uuid": "fd09d435-6282-4806-8979-4cc7d78d38c5",
              "parentUUID": "a5ce8012-a0fe-45e2-a07e-18d898b631e7",
              "isHook": false,
              "skipped": false
            },
            {
              "title": "Verifica se a cor inicial dos pixels dentro do quadro, ao abrir a página, é branca.",
              "fullTitle": "6 - Adicione à página um quadro contendo 25 pixels Verifica se a cor inicial dos pixels dentro do quadro, ao abrir a página, é branca.",
              "timedOut": null,
              "duration": 188,
              "state": "passed",
              "speed": "slow",
              "pass": true,
              "fail": false,
              "pending": false,
              "context": null,
              "code": "cy.get('.pixel').should('have.length', 25).each(function (pixel) {\n  expect(pixel).to.have.css('background-color', WHITE);\n});",
              "err": {},
              "uuid": "10dd2e1b-66ee-4e70-8c39-498cd1775ac9",
              "parentUUID": "a5ce8012-a0fe-45e2-a07e-18d898b631e7",
              "isHook": false,
              "skipped": false
            },
            {
              "title": "Verifica se o quadro de pixels aparece abaixo da paleta de cores",
              "fullTitle": "6 - Adicione à página um quadro contendo 25 pixels Verifica se o quadro de pixels aparece abaixo da paleta de cores",
              "timedOut": null,
              "duration": 122,
              "state": "passed",
              "speed": "slow",
              "pass": true,
              "fail": false,
              "pending": false,
              "context": null,
              "code": "cy.get('#color-palette').then(function (palette) {\n  cy.get('#pixel-board').should('be.belowOf', palette);\n});",
              "err": {},
              "uuid": "0ee953ab-a40e-43f6-b635-9e2129e66c06",
              "parentUUID": "a5ce8012-a0fe-45e2-a07e-18d898b631e7",
              "isHook": false,
              "skipped": false
            }
          ],
          "suites": [],
          "passes": [
            "87dd0d0f-e843-40d1-8478-58272c8f8b6a",
            "fd09d435-6282-4806-8979-4cc7d78d38c5",
            "10dd2e1b-66ee-4e70-8c39-498cd1775ac9",
            "0ee953ab-a40e-43f6-b635-9e2129e66c06"
          ],
          "failures": [],
          "pending": [],
          "skipped": [],
          "duration": 564,
          "root": false,
          "rootEmpty": false,
          "_timeout": 2000
        },
        {
          "uuid": "1db97e87-6c38-45ed-8da1-1e6fea454d78",
          "title": "7 - Faça com que cada elemento do quadro de pixels possua 40 pixels de largura, 40 pixels de altura e seja delimitado por uma borda preta de 1 pixel",
          "fullFile": "",
          "file": "",
          "beforeHooks": [],
          "afterHooks": [],
          "tests": [
            {
              "title": "Verifica se o quadro de pixels tem altura e comprimento de 5 elementos",
              "fullTitle": "7 - Faça com que cada elemento do quadro de pixels possua 40 pixels de largura, 40 pixels de altura e seja delimitado por uma borda preta de 1 pixel Verifica se o quadro de pixels tem altura e comprimento de 5 elementos",
              "timedOut": null,
              "duration": 266,
              "state": "passed",
              "speed": "slow",
              "pass": true,
              "fail": false,
              "pending": false,
              "context": null,
              "code": "cy.get('.pixel').should('have.length', 25).each(function (pixel) {\n  expect(pixel).to.have.css('background-color', WHITE);\n}).and(function (pixels) {\n  var rows = chunk(pixels, 5);\n  rows.forEach(function (row) {\n    for (var index = 1; index < row.length; index += 1) {\n      var current = pixels[index];\n      var previous = pixels[index - 1];\n      cy.wrap(current).should('be.onTheRightOf', previous).and('be.horizontallyAlignedWith', previous);\n    }\n  });\n  for (var index = 1; index < 5; index += 1) {\n    expect(pixels[index * 5]).to.be.belowOf(pixels[(index - 1) * 5]);\n  }\n});",
              "err": {},
              "uuid": "eb765888-683f-4426-8aa0-02a66b76d53d",
              "parentUUID": "1db97e87-6c38-45ed-8da1-1e6fea454d78",
              "isHook": false,
              "skipped": false
            },
            {
              "title": "Verifica se 40 pixels é o tamanho total do elemento, incluindo seu conteúdo e excluindo a borda preta, que deve ser criada à parte.",
              "fullTitle": "7 - Faça com que cada elemento do quadro de pixels possua 40 pixels de largura, 40 pixels de altura e seja delimitado por uma borda preta de 1 pixel Verifica se 40 pixels é o tamanho total do elemento, incluindo seu conteúdo e excluindo a borda preta, que deve ser criada à parte.",
              "timedOut": null,
              "duration": 207,
              "state": "passed",
              "speed": "slow",
              "pass": true,
              "fail": false,
              "pending": false,
              "context": null,
              "code": "cy.get('.pixel').each(function (pixel) {\n  cy.wrap(pixel).should('have.css', 'height', '40px').and('have.css', 'width', '40px').and('have.css', 'border', \"1px solid \".concat(BLACK));\n});",
              "err": {},
              "uuid": "81a0564d-ca32-4e81-9b61-301a95f68102",
              "parentUUID": "1db97e87-6c38-45ed-8da1-1e6fea454d78",
              "isHook": false,
              "skipped": false
            }
          ],
          "suites": [],
          "passes": [
            "eb765888-683f-4426-8aa0-02a66b76d53d",
            "81a0564d-ca32-4e81-9b61-301a95f68102"
          ],
          "failures": [],
          "pending": [],
          "skipped": [],
          "duration": 473,
          "root": false,
          "rootEmpty": false,
          "_timeout": 2000
        },
        {
          "uuid": "263f5411-931a-49e9-918e-da990957a115",
          "title": "8 - Defina a cor preta como cor inicial da paleta de cores. Ao carregar a página a cor preta já deve estar selecionada para pintar os pixels",
          "fullFile": "",
          "file": "",
          "beforeHooks": [],
          "afterHooks": [],
          "tests": [
            {
              "title": "Verifica se o elemento da cor preta possui, inicialmente, a `classe` `selected`",
              "fullTitle": "8 - Defina a cor preta como cor inicial da paleta de cores. Ao carregar a página a cor preta já deve estar selecionada para pintar os pixels Verifica se o elemento da cor preta possui, inicialmente, a `classe` `selected`",
              "timedOut": null,
              "duration": 77,
              "state": "passed",
              "speed": "slow",
              "pass": true,
              "fail": false,
              "pending": false,
              "context": null,
              "code": "cy.get('.selected').first().should('have.css', 'background-color', BLACK);",
              "err": {},
              "uuid": "ca6ee612-c802-4dab-9cc6-70657feffcba",
              "parentUUID": "263f5411-931a-49e9-918e-da990957a115",
              "isHook": false,
              "skipped": false
            },
            {
              "title": "Verifica se nenhuma outra cor da paleta tem a `classe` `selected`",
              "fullTitle": "8 - Defina a cor preta como cor inicial da paleta de cores. Ao carregar a página a cor preta já deve estar selecionada para pintar os pixels Verifica se nenhuma outra cor da paleta tem a `classe` `selected`",
              "timedOut": null,
              "duration": 89,
              "state": "passed",
              "speed": "slow",
              "pass": true,
              "fail": false,
              "pending": false,
              "context": null,
              "code": "cy.get('.color:not(:first-child)').each(function (color) {\n  cy.wrap(color).should('not.have.class', 'selected');\n});",
              "err": {},
              "uuid": "df86947b-ad7f-4333-ad69-b0c9bf0f3f9b",
              "parentUUID": "263f5411-931a-49e9-918e-da990957a115",
              "isHook": false,
              "skipped": false
            }
          ],
          "suites": [],
          "passes": [
            "ca6ee612-c802-4dab-9cc6-70657feffcba",
            "df86947b-ad7f-4333-ad69-b0c9bf0f3f9b"
          ],
          "failures": [],
          "pending": [],
          "skipped": [],
          "duration": 166,
          "root": false,
          "rootEmpty": false,
          "_timeout": 2000
        },
        {
          "uuid": "328c22c1-2562-4557-a57a-3fac59f4d807",
          "title": "9 - Crie uma função para selecionar uma cor na paleta de cores e preencher os pixels no quadro",
          "fullFile": "",
          "file": "",
          "beforeHooks": [],
          "afterHooks": [],
          "tests": [
            {
              "title": "Verifica se somente uma cor da paleta de cores tem a classe `selected` de cada vez",
              "fullTitle": "9 - Crie uma função para selecionar uma cor na paleta de cores e preencher os pixels no quadro Verifica se somente uma cor da paleta de cores tem a classe `selected` de cada vez",
              "timedOut": null,
              "duration": 455,
              "state": "passed",
              "speed": "slow",
              "pass": true,
              "fail": false,
              "pending": false,
              "context": null,
              "code": "cy.get('.color').each(function (selectedColor, selectedColorIndex) {\n  cy.wrap(selectedColor).click();\n  cy.get('.color').each(function (color, colorIndex) {\n    if (colorIndex === selectedColorIndex) {\n      expect(color).to.have[\"class\"]('selected');\n    } else {\n      expect(color).not.to.have[\"class\"]('selected');\n    }\n  });\n});",
              "err": {},
              "uuid": "723064ee-5133-4ab1-aaf6-88325e8c4da7",
              "parentUUID": "328c22c1-2562-4557-a57a-3fac59f4d807",
              "isHook": false,
              "skipped": false
            },
            {
              "title": "Verifica se os pixels dentro do quadro não têm a classe `selected` quando são clicados",
              "fullTitle": "9 - Crie uma função para selecionar uma cor na paleta de cores e preencher os pixels no quadro Verifica se os pixels dentro do quadro não têm a classe `selected` quando são clicados",
              "timedOut": null,
              "duration": 7803,
              "state": "passed",
              "speed": "slow",
              "pass": true,
              "fail": false,
              "pending": false,
              "context": null,
              "code": "cy.get('.color').each(function (color) {\n  var backgroundColor = color.css('background-color');\n  cy.wrap(color).click();\n  cy.get('.pixel').each(function (pixel) {\n    cy.wrap(pixel).click().should('not.have.class', 'selected');\n  });\n});",
              "err": {},
              "uuid": "d161329e-6890-45da-9f3f-c926309d69e0",
              "parentUUID": "328c22c1-2562-4557-a57a-3fac59f4d807",
              "isHook": false,
              "skipped": false
            }
          ],
          "suites": [],
          "passes": [
            "723064ee-5133-4ab1-aaf6-88325e8c4da7",
            "d161329e-6890-45da-9f3f-c926309d69e0"
          ],
          "failures": [],
          "pending": [],
          "skipped": [],
          "duration": 8258,
          "root": false,
          "rootEmpty": false,
          "_timeout": 2000
        },
        {
          "uuid": "ff845431-123d-46c4-9cf6-5c9a6e14c795",
          "title": "10 - Crie uma função que permita preencher um pixel do quadro com a cor selecionada na paleta de cores",
          "fullFile": "",
          "file": "",
          "beforeHooks": [],
          "afterHooks": [],
          "tests": [
            {
              "title": "Verifica se ao carregar a página deve ser possível pintar os pixels de preto",
              "fullTitle": "10 - Crie uma função que permita preencher um pixel do quadro com a cor selecionada na paleta de cores Verifica se ao carregar a página deve ser possível pintar os pixels de preto",
              "timedOut": null,
              "duration": 2003,
              "state": "passed",
              "speed": "slow",
              "pass": true,
              "fail": false,
              "pending": false,
              "context": null,
              "code": "cy.get('.pixel').each(function (pixel) {\n  cy.wrap(pixel).click().should('have.css', 'background-color', BLACK);\n});",
              "err": {},
              "uuid": "84ffc9fe-cf2a-4294-9071-6ff5e23d0b60",
              "parentUUID": "ff845431-123d-46c4-9cf6-5c9a6e14c795",
              "isHook": false,
              "skipped": false
            },
            {
              "title": "Verifica se após selecionar uma outra cor na paleta, é possível pintar os pixels com essa cor",
              "fullTitle": "10 - Crie uma função que permita preencher um pixel do quadro com a cor selecionada na paleta de cores Verifica se após selecionar uma outra cor na paleta, é possível pintar os pixels com essa cor",
              "timedOut": null,
              "duration": 7727,
              "state": "passed",
              "speed": "slow",
              "pass": true,
              "fail": false,
              "pending": false,
              "context": null,
              "code": "cy.get('.color').each(function (color) {\n  var backgroundColor = color.css('background-color');\n  cy.wrap(color).click();\n  cy.get('.pixel').each(function (pixel) {\n    cy.wrap(pixel).click().should('have.css', 'background-color', backgroundColor);\n  });\n});",
              "err": {},
              "uuid": "50dbee47-565e-4415-9917-2ea52d4cf53d",
              "parentUUID": "ff845431-123d-46c4-9cf6-5c9a6e14c795",
              "isHook": false,
              "skipped": false
            },
            {
              "title": "Verifica se somente o pixel que foi clicado foi preenchido com a cor selecionada, sem influenciar na cor dos demais pixels.",
              "fullTitle": "10 - Crie uma função que permita preencher um pixel do quadro com a cor selecionada na paleta de cores Verifica se somente o pixel que foi clicado foi preenchido com a cor selecionada, sem influenciar na cor dos demais pixels.",
              "timedOut": null,
              "duration": 1369,
              "state": "passed",
              "speed": "slow",
              "pass": true,
              "fail": false,
              "pending": false,
              "context": null,
              "code": "var colorToPixelIndexMap = {\n  0: 6,\n  1: 8,\n  2: 16,\n  3: 18\n};\ncy.get('.color').each(function (color, index) {\n  cy.wrap(color).click();\n  var backgroundColor = color.css('background-color');\n  var clickedPixelIndex = colorToPixelIndexMap[index];\n  cy.get('.pixel').eq(clickedPixelIndex).click();\n  cy.get('.pixel').eq(clickedPixelIndex - 1).should('not.have.css', 'background-color', backgroundColor);\n  cy.get('.pixel').eq(clickedPixelIndex + 1).should('not.have.css', 'background-color', backgroundColor);\n  cy.get('.pixel').eq(clickedPixelIndex - 5).should('not.have.css', 'background-color', backgroundColor);\n  cy.get('.pixel').eq(clickedPixelIndex + 5).should('not.have.css', 'background-color', backgroundColor);\n  cy.get('.pixel').eq(clickedPixelIndex - 6).should('not.have.css', 'background-color', backgroundColor);\n  cy.get('.pixel').eq(clickedPixelIndex - 4).should('not.have.css', 'background-color', backgroundColor);\n  cy.get('.pixel').eq(clickedPixelIndex + 4).should('not.have.css', 'background-color', backgroundColor);\n  cy.get('.pixel').eq(clickedPixelIndex + 6).should('not.have.css', 'background-color', backgroundColor);\n});",
              "err": {},
              "uuid": "4fc1486d-2a47-4bcd-b0fa-99e52ce404c0",
              "parentUUID": "ff845431-123d-46c4-9cf6-5c9a6e14c795",
              "isHook": false,
              "skipped": false
            }
          ],
          "suites": [],
          "passes": [
            "84ffc9fe-cf2a-4294-9071-6ff5e23d0b60",
            "50dbee47-565e-4415-9917-2ea52d4cf53d",
            "4fc1486d-2a47-4bcd-b0fa-99e52ce404c0"
          ],
          "failures": [],
          "pending": [],
          "skipped": [],
          "duration": 11099,
          "root": false,
          "rootEmpty": false,
          "_timeout": 2000
        },
        {
          "uuid": "cda2961a-0e44-4030-9cc2-7b21e9e49431",
          "title": "11 - Crie um botão que, ao ser clicado, limpa o quadro preenchendo a cor de todos seus pixels com branco",
          "fullFile": "",
          "file": "",
          "beforeHooks": [],
          "afterHooks": [],
          "tests": [
            {
              "title": "Verifica se o botão tem o `id` denominado `clear-board`",
              "fullTitle": "11 - Crie um botão que, ao ser clicado, limpa o quadro preenchendo a cor de todos seus pixels com branco Verifica se o botão tem o `id` denominado `clear-board`",
              "timedOut": null,
              "duration": 151,
              "state": "passed",
              "speed": "slow",
              "pass": true,
              "fail": false,
              "pending": false,
              "context": null,
              "code": "cy.get('#clear-board').should('be.visible');",
              "err": {},
              "uuid": "d9def380-7717-4f8e-a494-7a06f3e1ead1",
              "parentUUID": "cda2961a-0e44-4030-9cc2-7b21e9e49431",
              "isHook": false,
              "skipped": false
            },
            {
              "title": "Verifica se o botão está posicionado entre a paleta de cores e o quadro de pixels",
              "fullTitle": "11 - Crie um botão que, ao ser clicado, limpa o quadro preenchendo a cor de todos seus pixels com branco Verifica se o botão está posicionado entre a paleta de cores e o quadro de pixels",
              "timedOut": null,
              "duration": 74,
              "state": "passed",
              "speed": "medium",
              "pass": true,
              "fail": false,
              "pending": false,
              "context": null,
              "code": "cy.get('#color-palette').then(function (palette) {\n  cy.get('#clear-board').should('be.belowOf', palette);\n});\ncy.get('#clear-board').then(function (clearBtn) {\n  cy.get('#pixel-board').should('be.belowOf', clearBtn);\n});",
              "err": {},
              "uuid": "6eb83e20-0524-405a-8f76-5999d26689e6",
              "parentUUID": "cda2961a-0e44-4030-9cc2-7b21e9e49431",
              "isHook": false,
              "skipped": false
            },
            {
              "title": "Verifica se o texto do botão é 'Limpar'",
              "fullTitle": "11 - Crie um botão que, ao ser clicado, limpa o quadro preenchendo a cor de todos seus pixels com branco Verifica se o texto do botão é 'Limpar'",
              "timedOut": null,
              "duration": 112,
              "state": "passed",
              "speed": "slow",
              "pass": true,
              "fail": false,
              "pending": false,
              "context": null,
              "code": "cy.get('#clear-board').should('contain.text', 'Limpar');",
              "err": {},
              "uuid": "30ac00ba-3090-43ca-9fd8-bede5da0af3a",
              "parentUUID": "cda2961a-0e44-4030-9cc2-7b21e9e49431",
              "isHook": false,
              "skipped": false
            },
            {
              "title": "Verifica se ao clicar no botão, o quadro de pixels é totalmente preenchido de branco",
              "fullTitle": "11 - Crie um botão que, ao ser clicado, limpa o quadro preenchendo a cor de todos seus pixels com branco Verifica se ao clicar no botão, o quadro de pixels é totalmente preenchido de branco",
              "timedOut": null,
              "duration": 2106,
              "state": "passed",
              "speed": "slow",
              "pass": true,
              "fail": false,
              "pending": false,
              "context": null,
              "code": "cy.get('.color').eq(1).then(function (color) {\n  var backgroundColor = color.css('background-color');\n  cy.wrap(color).click();\n  cy.get('.pixel').each(function (pixel) {\n    cy.wrap(pixel).click().should('have.css', 'background-color', backgroundColor);\n  });\n});\ncy.get('#clear-board').click();\ncy.get('.pixel').each(function (pixel) {\n  cy.wrap(pixel).should('have.css', 'background-color', WHITE);\n});",
              "err": {},
              "uuid": "382e856c-b1f5-4513-b0ad-5d42b30c30c4",
              "parentUUID": "cda2961a-0e44-4030-9cc2-7b21e9e49431",
              "isHook": false,
              "skipped": false
            }
          ],
          "suites": [],
          "passes": [
            "d9def380-7717-4f8e-a494-7a06f3e1ead1",
            "6eb83e20-0524-405a-8f76-5999d26689e6",
            "30ac00ba-3090-43ca-9fd8-bede5da0af3a",
            "382e856c-b1f5-4513-b0ad-5d42b30c30c4"
          ],
          "failures": [],
          "pending": [],
          "skipped": [],
          "duration": 2443,
          "root": false,
          "rootEmpty": false,
          "_timeout": 2000
        },
        {
          "uuid": "c38634ae-5e97-4dd2-a3fd-1a337a4dca9e",
          "title": "12 - Crie uma função para salvar e recuperar o seu desenho atual no localStorage",
          "fullFile": "",
          "file": "",
          "beforeHooks": [],
          "afterHooks": [],
          "tests": [
            {
              "title": "Os pixels pintados devem ser salvos no localStorage com a chave `pixelBoard`",
              "fullTitle": "12 - Crie uma função para salvar e recuperar o seu desenho atual no localStorage Os pixels pintados devem ser salvos no localStorage com a chave `pixelBoard`",
              "timedOut": null,
              "duration": 172,
              "state": "passed",
              "speed": "slow",
              "pass": true,
              "fail": false,
              "pending": false,
              "context": null,
              "code": "cy.get('.pixel:first').click().then(function () {\n  var pixelboard = localStorage.getItem('pixelBoard');\n  expect(pixelboard).to.not.equal(null);\n});",
              "err": {},
              "uuid": "f53e86eb-e0be-4b93-9426-ea7f4edb6e33",
              "parentUUID": "c38634ae-5e97-4dd2-a3fd-1a337a4dca9e",
              "isHook": false,
              "skipped": false
            },
            {
              "title": "O quadro deve ser preenchido com as mesmas cores utilizadas anteriormente, nas posições corretas ao recarregar a página",
              "fullTitle": "12 - Crie uma função para salvar e recuperar o seu desenho atual no localStorage O quadro deve ser preenchido com as mesmas cores utilizadas anteriormente, nas posições corretas ao recarregar a página",
              "timedOut": null,
              "duration": 5025,
              "state": "failed",
              "speed": null,
              "pass": false,
              "fail": true,
              "pending": false,
              "context": null,
              "code": "cy.get('.color').each(function (color, index) {\n  if (index === 2) {\n    cy.wrap(color).click();\n    var backgroundColor = color.css('background-color');\n    var clickedPixelsIndex = [2, 7, 10, 11, 12, 13, 14, 17, 22];\n    cy.get('.pixel').each(function (pixel, index) {\n      clickedPixelsIndex.forEach(function (pixelIndex) {\n        if (index === pixelIndex) cy.wrap(pixel).click();\n      });\n    });\n    cy.reload();\n    cy.get('.pixel').each(function (pixel, index) {\n      clickedPixelsIndex.forEach(function (pixelIndex) {\n        if (index === pixelIndex) cy.wrap(pixel).should('have.css', 'background-color', backgroundColor);\n      });\n    });\n  }\n});",
              "err": {
                "message": "CypressError: Timed out retrying: expected '<td.pixel>' to have CSS property 'background-color' with the value 'rgb(45, 98, 97)', but the value was 'rgb(255, 255, 255)'",
                "estack": "CypressError: Timed out retrying: expected '<td.pixel>' to have CSS property 'background-color' with the value 'rgb(45, 98, 97)', but the value was 'rgb(255, 255, 255)'\n    at cypressErr (http://localhost:42267/__cypress/runner/cypress_runner.js:149934:9)\n    at throwErr (http://localhost:42267/__cypress/runner/cypress_runner.js:149867:11)\n    at Object.throwErrByPath (http://localhost:42267/__cypress/runner/cypress_runner.js:149915:3)\n    at retry (http://localhost:42267/__cypress/runner/cypress_runner.js:144197:19)\n    at onFailFn (http://localhost:42267/__cypress/runner/cypress_runner.js:132448:16)\n    at tryCatcher (http://localhost:42267/__cypress/runner/cypress_runner.js:167415:23)\n    at Promise._settlePromiseFromHandler (http://localhost:42267/__cypress/runner/cypress_runner.js:165351:31)\n    at Promise._settlePromise (http://localhost:42267/__cypress/runner/cypress_runner.js:165408:18)\n    at Promise._settlePromise0 (http://localhost:42267/__cypress/runner/cypress_runner.js:165453:10)\n    at Promise._settlePromises (http://localhost:42267/__cypress/runner/cypress_runner.js:165528:18)\n    at Async../node_modules/bluebird/js/release/async.js.Async._drainQueue (http://localhost:42267/__cypress/runner/cypress_runner.js:162140:16)\n    at Async../node_modules/bluebird/js/release/async.js.Async._drainQueues (http://localhost:42267/__cypress/runner/cypress_runner.js:162150:10)\n    at Async.drainQueues (http://localhost:42267/__cypress/runner/cypress_runner.js:162024:14)",
                "diff": null
              },
              "uuid": "5c2519cc-83cb-4bd7-9e2c-4d055ea9d03e",
              "parentUUID": "c38634ae-5e97-4dd2-a3fd-1a337a4dca9e",
              "isHook": false,
              "skipped": false
            }
          ],
          "suites": [],
          "passes": [
            "f53e86eb-e0be-4b93-9426-ea7f4edb6e33"
          ],
          "failures": [
            "5c2519cc-83cb-4bd7-9e2c-4d055ea9d03e"
          ],
          "pending": [],
          "skipped": [],
          "duration": 5197,
          "root": false,
          "rootEmpty": false,
          "_timeout": 2000
        },
        {
          "uuid": "25e2b70d-2afd-4008-89a6-5ca0ac49f681",
          "title": "13 - Crie um input que permita à pessoa usuária preencher um novo tamanho para o quadro de pixels",
          "fullFile": "",
          "file": "",
          "beforeHooks": [],
          "afterHooks": [],
          "tests": [
            {
              "title": "Verifica se existe um input com o id `board-size`",
              "fullTitle": "13 - Crie um input que permita à pessoa usuária preencher um novo tamanho para o quadro de pixels Verifica se existe um input com o id `board-size`",
              "timedOut": null,
              "duration": 4237,
              "state": "failed",
              "speed": null,
              "pass": false,
              "fail": true,
              "pending": false,
              "context": null,
              "code": "cy.get('#board-size').should('be.visible');",
              "err": {
                "message": "CypressError: Timed out retrying: Expected to find element: '#board-size', but never found it.",
                "estack": "CypressError: Timed out retrying: Expected to find element: '#board-size', but never found it.\n    at cypressErr (http://localhost:42267/__cypress/runner/cypress_runner.js:149934:9)\n    at throwErr (http://localhost:42267/__cypress/runner/cypress_runner.js:149867:11)\n    at Object.throwErrByPath (http://localhost:42267/__cypress/runner/cypress_runner.js:149915:3)\n    at retry (http://localhost:42267/__cypress/runner/cypress_runner.js:144197:19)\n    at onFailFn (http://localhost:42267/__cypress/runner/cypress_runner.js:132448:16)\n    at tryCatcher (http://localhost:42267/__cypress/runner/cypress_runner.js:167415:23)\n    at Promise._settlePromiseFromHandler (http://localhost:42267/__cypress/runner/cypress_runner.js:165351:31)\n    at Promise._settlePromise (http://localhost:42267/__cypress/runner/cypress_runner.js:165408:18)\n    at Promise._settlePromise0 (http://localhost:42267/__cypress/runner/cypress_runner.js:165453:10)\n    at Promise._settlePromises (http://localhost:42267/__cypress/runner/cypress_runner.js:165528:18)\n    at Async../node_modules/bluebird/js/release/async.js.Async._drainQueue (http://localhost:42267/__cypress/runner/cypress_runner.js:162140:16)\n    at Async../node_modules/bluebird/js/release/async.js.Async._drainQueues (http://localhost:42267/__cypress/runner/cypress_runner.js:162150:10)\n    at Async.drainQueues (http://localhost:42267/__cypress/runner/cypress_runner.js:162024:14)",
                "diff": null
              },
              "uuid": "b0ff58f6-1fbf-48fa-9670-fc303ada7f53",
              "parentUUID": "25e2b70d-2afd-4008-89a6-5ca0ac49f681",
              "isHook": false,
              "skipped": false
            },
            {
              "title": "Verifica se existe um botão com o id `generate-board`",
              "fullTitle": "13 - Crie um input que permita à pessoa usuária preencher um novo tamanho para o quadro de pixels Verifica se existe um botão com o id `generate-board`",
              "timedOut": null,
              "duration": 4207,
              "state": "failed",
              "speed": null,
              "pass": false,
              "fail": true,
              "pending": false,
              "context": null,
              "code": "cy.get('#generate-board').should('be.visible');",
              "err": {
                "message": "CypressError: Timed out retrying: Expected to find element: '#generate-board', but never found it.",
                "estack": "CypressError: Timed out retrying: Expected to find element: '#generate-board', but never found it.\n    at cypressErr (http://localhost:42267/__cypress/runner/cypress_runner.js:149934:9)\n    at throwErr (http://localhost:42267/__cypress/runner/cypress_runner.js:149867:11)\n    at Object.throwErrByPath (http://localhost:42267/__cypress/runner/cypress_runner.js:149915:3)\n    at retry (http://localhost:42267/__cypress/runner/cypress_runner.js:144197:19)\n    at onFailFn (http://localhost:42267/__cypress/runner/cypress_runner.js:132448:16)\n    at tryCatcher (http://localhost:42267/__cypress/runner/cypress_runner.js:167415:23)\n    at Promise._settlePromiseFromHandler (http://localhost:42267/__cypress/runner/cypress_runner.js:165351:31)\n    at Promise._settlePromise (http://localhost:42267/__cypress/runner/cypress_runner.js:165408:18)\n    at Promise._settlePromise0 (http://localhost:42267/__cypress/runner/cypress_runner.js:165453:10)\n    at Promise._settlePromises (http://localhost:42267/__cypress/runner/cypress_runner.js:165528:18)\n    at Async../node_modules/bluebird/js/release/async.js.Async._drainQueue (http://localhost:42267/__cypress/runner/cypress_runner.js:162140:16)\n    at Async../node_modules/bluebird/js/release/async.js.Async._drainQueues (http://localhost:42267/__cypress/runner/cypress_runner.js:162150:10)\n    at Async.drainQueues (http://localhost:42267/__cypress/runner/cypress_runner.js:162024:14)",
                "diff": null
              },
              "uuid": "03586d29-376c-411f-ac29-094fa24522cc",
              "parentUUID": "25e2b70d-2afd-4008-89a6-5ca0ac49f681",
              "isHook": false,
              "skipped": false
            },
            {
              "title": "Verifica se o input só aceita número maiores que zero. Essa restrição deve ser feita usando os atributos do elemento `input`",
              "fullTitle": "13 - Crie um input que permita à pessoa usuária preencher um novo tamanho para o quadro de pixels Verifica se o input só aceita número maiores que zero. Essa restrição deve ser feita usando os atributos do elemento `input`",
              "timedOut": null,
              "duration": 4225,
              "state": "failed",
              "speed": null,
              "pass": false,
              "fail": true,
              "pending": false,
              "context": null,
              "code": "cy.get('#board-size[type=\\'number\\'][min=\\'1\\']');",
              "err": {
                "message": "CypressError: Timed out retrying: Expected to find element: '#board-size[type='number'][min='1']', but never found it.",
                "estack": "CypressError: Timed out retrying: Expected to find element: '#board-size[type='number'][min='1']', but never found it.\n    at cypressErr (http://localhost:42267/__cypress/runner/cypress_runner.js:149934:9)\n    at throwErr (http://localhost:42267/__cypress/runner/cypress_runner.js:149867:11)\n    at Object.throwErrByPath (http://localhost:42267/__cypress/runner/cypress_runner.js:149915:3)\n    at retry (http://localhost:42267/__cypress/runner/cypress_runner.js:144197:19)\n    at onFailFn (http://localhost:42267/__cypress/runner/cypress_runner.js:132448:16)\n    at tryCatcher (http://localhost:42267/__cypress/runner/cypress_runner.js:167415:23)\n    at Promise._settlePromiseFromHandler (http://localhost:42267/__cypress/runner/cypress_runner.js:165351:31)\n    at Promise._settlePromise (http://localhost:42267/__cypress/runner/cypress_runner.js:165408:18)\n    at Promise._settlePromise0 (http://localhost:42267/__cypress/runner/cypress_runner.js:165453:10)\n    at Promise._settlePromises (http://localhost:42267/__cypress/runner/cypress_runner.js:165528:18)\n    at Async../node_modules/bluebird/js/release/async.js.Async._drainQueue (http://localhost:42267/__cypress/runner/cypress_runner.js:162140:16)\n    at Async../node_modules/bluebird/js/release/async.js.Async._drainQueues (http://localhost:42267/__cypress/runner/cypress_runner.js:162150:10)\n    at Async.drainQueues (http://localhost:42267/__cypress/runner/cypress_runner.js:162024:14)",
                "diff": null
              },
              "uuid": "c0dd4f3c-ad80-4a0c-87d3-8432f7e3f036",
              "parentUUID": "25e2b70d-2afd-4008-89a6-5ca0ac49f681",
              "isHook": false,
              "skipped": false
            },
            {
              "title": "Verifica se o botão contém o texto 'VQV'",
              "fullTitle": "13 - Crie um input que permita à pessoa usuária preencher um novo tamanho para o quadro de pixels Verifica se o botão contém o texto 'VQV'",
              "timedOut": null,
              "duration": 4172,
              "state": "failed",
              "speed": null,
              "pass": false,
              "fail": true,
              "pending": false,
              "context": null,
              "code": "cy.get('#generate-board').contains(/vqv/i);",
              "err": {
                "message": "CypressError: Timed out retrying: Expected to find element: '#generate-board', but never found it.",
                "estack": "CypressError: Timed out retrying: Expected to find element: '#generate-board', but never found it.\n    at cypressErr (http://localhost:42267/__cypress/runner/cypress_runner.js:149934:9)\n    at throwErr (http://localhost:42267/__cypress/runner/cypress_runner.js:149867:11)\n    at Object.throwErrByPath (http://localhost:42267/__cypress/runner/cypress_runner.js:149915:3)\n    at retry (http://localhost:42267/__cypress/runner/cypress_runner.js:144197:19)\n    at onFailFn (http://localhost:42267/__cypress/runner/cypress_runner.js:132448:16)\n    at tryCatcher (http://localhost:42267/__cypress/runner/cypress_runner.js:167415:23)\n    at Promise._settlePromiseFromHandler (http://localhost:42267/__cypress/runner/cypress_runner.js:165351:31)\n    at Promise._settlePromise (http://localhost:42267/__cypress/runner/cypress_runner.js:165408:18)\n    at Promise._settlePromise0 (http://localhost:42267/__cypress/runner/cypress_runner.js:165453:10)\n    at Promise._settlePromises (http://localhost:42267/__cypress/runner/cypress_runner.js:165528:18)\n    at Async../node_modules/bluebird/js/release/async.js.Async._drainQueue (http://localhost:42267/__cypress/runner/cypress_runner.js:162140:16)\n    at Async../node_modules/bluebird/js/release/async.js.Async._drainQueues (http://localhost:42267/__cypress/runner/cypress_runner.js:162150:10)\n    at Async.drainQueues (http://localhost:42267/__cypress/runner/cypress_runner.js:162024:14)",
                "diff": null
              },
              "uuid": "5b029a60-fd27-47e3-9b6c-44949da35bbe",
              "parentUUID": "25e2b70d-2afd-4008-89a6-5ca0ac49f681",
              "isHook": false,
              "skipped": false
            },
            {
              "title": "Verifica se o input está posicionado entre a paleta de cores e o quadro de pixels",
              "fullTitle": "13 - Crie um input que permita à pessoa usuária preencher um novo tamanho para o quadro de pixels Verifica se o input está posicionado entre a paleta de cores e o quadro de pixels",
              "timedOut": null,
              "duration": 4244,
              "state": "failed",
              "speed": null,
              "pass": false,
              "fail": true,
              "pending": false,
              "context": null,
              "code": "cy.get('#color-palette').then(function (palette) {\n  cy.get('#board-size').should('be.belowOf', palette);\n});\ncy.get('#board-size').then(function (palette) {\n  cy.get('#pixel-board').should('be.belowOf', palette);\n});",
              "err": {
                "message": "CypressError: Timed out retrying: Expected to find element: '#board-size', but never found it.",
                "estack": "CypressError: Timed out retrying: Expected to find element: '#board-size', but never found it.\n    at cypressErr (http://localhost:42267/__cypress/runner/cypress_runner.js:149934:9)\n    at throwErr (http://localhost:42267/__cypress/runner/cypress_runner.js:149867:11)\n    at Object.throwErrByPath (http://localhost:42267/__cypress/runner/cypress_runner.js:149915:3)\n    at retry (http://localhost:42267/__cypress/runner/cypress_runner.js:144197:19)\n    at onFailFn (http://localhost:42267/__cypress/runner/cypress_runner.js:132448:16)\n    at tryCatcher (http://localhost:42267/__cypress/runner/cypress_runner.js:167415:23)\n    at Promise._settlePromiseFromHandler (http://localhost:42267/__cypress/runner/cypress_runner.js:165351:31)\n    at Promise._settlePromise (http://localhost:42267/__cypress/runner/cypress_runner.js:165408:18)\n    at Promise._settlePromise0 (http://localhost:42267/__cypress/runner/cypress_runner.js:165453:10)\n    at Promise._settlePromises (http://localhost:42267/__cypress/runner/cypress_runner.js:165528:18)\n    at Async../node_modules/bluebird/js/release/async.js.Async._drainQueue (http://localhost:42267/__cypress/runner/cypress_runner.js:162140:16)\n    at Async../node_modules/bluebird/js/release/async.js.Async._drainQueues (http://localhost:42267/__cypress/runner/cypress_runner.js:162150:10)\n    at Async.drainQueues (http://localhost:42267/__cypress/runner/cypress_runner.js:162024:14)",
                "diff": null
              },
              "uuid": "c8caaa32-7ba6-496b-9e04-8b73ad403b42",
              "parentUUID": "25e2b70d-2afd-4008-89a6-5ca0ac49f681",
              "isHook": false,
              "skipped": false
            },
            {
              "title": "Verifica se o botão está posicionado ao lado do input",
              "fullTitle": "13 - Crie um input que permita à pessoa usuária preencher um novo tamanho para o quadro de pixels Verifica se o botão está posicionado ao lado do input",
              "timedOut": null,
              "duration": 4231,
              "state": "failed",
              "speed": null,
              "pass": false,
              "fail": true,
              "pending": false,
              "context": null,
              "code": "cy.get('#board-size').then(function (board) {\n  cy.get('#generate-board').should('be.onTheRightOf', board);\n});",
              "err": {
                "message": "CypressError: Timed out retrying: Expected to find element: '#board-size', but never found it.",
                "estack": "CypressError: Timed out retrying: Expected to find element: '#board-size', but never found it.\n    at cypressErr (http://localhost:42267/__cypress/runner/cypress_runner.js:149934:9)\n    at throwErr (http://localhost:42267/__cypress/runner/cypress_runner.js:149867:11)\n    at Object.throwErrByPath (http://localhost:42267/__cypress/runner/cypress_runner.js:149915:3)\n    at retry (http://localhost:42267/__cypress/runner/cypress_runner.js:144197:19)\n    at onFailFn (http://localhost:42267/__cypress/runner/cypress_runner.js:132448:16)\n    at tryCatcher (http://localhost:42267/__cypress/runner/cypress_runner.js:167415:23)\n    at Promise._settlePromiseFromHandler (http://localhost:42267/__cypress/runner/cypress_runner.js:165351:31)\n    at Promise._settlePromise (http://localhost:42267/__cypress/runner/cypress_runner.js:165408:18)\n    at Promise._settlePromise0 (http://localhost:42267/__cypress/runner/cypress_runner.js:165453:10)\n    at Promise._settlePromises (http://localhost:42267/__cypress/runner/cypress_runner.js:165528:18)\n    at Async../node_modules/bluebird/js/release/async.js.Async._drainQueue (http://localhost:42267/__cypress/runner/cypress_runner.js:162140:16)\n    at Async../node_modules/bluebird/js/release/async.js.Async._drainQueues (http://localhost:42267/__cypress/runner/cypress_runner.js:162150:10)\n    at Async.drainQueues (http://localhost:42267/__cypress/runner/cypress_runner.js:162024:14)",
                "diff": null
              },
              "uuid": "1fc7f15b-3b42-41d7-a6c2-eb83a4779e7b",
              "parentUUID": "25e2b70d-2afd-4008-89a6-5ca0ac49f681",
              "isHook": false,
              "skipped": false
            },
            {
              "title": "Verifica se nenhum valor for colocado no input ao clicar no botão, um `alert` é exibido com o texto: 'Board inválido!'",
              "fullTitle": "13 - Crie um input que permita à pessoa usuária preencher um novo tamanho para o quadro de pixels Verifica se nenhum valor for colocado no input ao clicar no botão, um `alert` é exibido com o texto: 'Board inválido!'",
              "timedOut": null,
              "duration": 4239,
              "state": "failed",
              "speed": null,
              "pass": false,
              "fail": true,
              "pending": false,
              "context": null,
              "code": "var alerted = false;\ncy.on('window:alert', function (msg) {\n  return alerted = msg;\n});\ncy.get('#generate-board').click().then(function () {\n  return expect(alerted).to.match(/Board inválido!/i);\n});",
              "err": {
                "message": "CypressError: Timed out retrying: Expected to find element: '#generate-board', but never found it.",
                "estack": "CypressError: Timed out retrying: Expected to find element: '#generate-board', but never found it.\n    at cypressErr (http://localhost:42267/__cypress/runner/cypress_runner.js:149934:9)\n    at throwErr (http://localhost:42267/__cypress/runner/cypress_runner.js:149867:11)\n    at Object.throwErrByPath (http://localhost:42267/__cypress/runner/cypress_runner.js:149915:3)\n    at retry (http://localhost:42267/__cypress/runner/cypress_runner.js:144197:19)\n    at onFailFn (http://localhost:42267/__cypress/runner/cypress_runner.js:132448:16)\n    at tryCatcher (http://localhost:42267/__cypress/runner/cypress_runner.js:167415:23)\n    at Promise._settlePromiseFromHandler (http://localhost:42267/__cypress/runner/cypress_runner.js:165351:31)\n    at Promise._settlePromise (http://localhost:42267/__cypress/runner/cypress_runner.js:165408:18)\n    at Promise._settlePromise0 (http://localhost:42267/__cypress/runner/cypress_runner.js:165453:10)\n    at Promise._settlePromises (http://localhost:42267/__cypress/runner/cypress_runner.js:165528:18)\n    at Async../node_modules/bluebird/js/release/async.js.Async._drainQueue (http://localhost:42267/__cypress/runner/cypress_runner.js:162140:16)\n    at Async../node_modules/bluebird/js/release/async.js.Async._drainQueues (http://localhost:42267/__cypress/runner/cypress_runner.js:162150:10)\n    at Async.drainQueues (http://localhost:42267/__cypress/runner/cypress_runner.js:162024:14)",
                "diff": null
              },
              "uuid": "42af729a-3c15-43eb-a9a7-15718efa156c",
              "parentUUID": "25e2b70d-2afd-4008-89a6-5ca0ac49f681",
              "isHook": false,
              "skipped": false
            },
            {
              "title": "Verifica se ao clicar no botão com um valor preenchido, o tamanho do board muda.",
              "fullTitle": "13 - Crie um input que permita à pessoa usuária preencher um novo tamanho para o quadro de pixels Verifica se ao clicar no botão com um valor preenchido, o tamanho do board muda.",
              "timedOut": null,
              "duration": 4231,
              "state": "failed",
              "speed": null,
              "pass": false,
              "fail": true,
              "pending": false,
              "context": null,
              "code": "cy.get('#board-size').clear().type(10);\ncy.get('#generate-board').click();\ncy.get('.pixel').should('have.length', 100);",
              "err": {
                "message": "CypressError: Timed out retrying: Expected to find element: '#board-size', but never found it.",
                "estack": "CypressError: Timed out retrying: Expected to find element: '#board-size', but never found it.\n    at cypressErr (http://localhost:42267/__cypress/runner/cypress_runner.js:149934:9)\n    at throwErr (http://localhost:42267/__cypress/runner/cypress_runner.js:149867:11)\n    at Object.throwErrByPath (http://localhost:42267/__cypress/runner/cypress_runner.js:149915:3)\n    at retry (http://localhost:42267/__cypress/runner/cypress_runner.js:144197:19)\n    at onFailFn (http://localhost:42267/__cypress/runner/cypress_runner.js:132448:16)\n    at tryCatcher (http://localhost:42267/__cypress/runner/cypress_runner.js:167415:23)\n    at Promise._settlePromiseFromHandler (http://localhost:42267/__cypress/runner/cypress_runner.js:165351:31)\n    at Promise._settlePromise (http://localhost:42267/__cypress/runner/cypress_runner.js:165408:18)\n    at Promise._settlePromise0 (http://localhost:42267/__cypress/runner/cypress_runner.js:165453:10)\n    at Promise._settlePromises (http://localhost:42267/__cypress/runner/cypress_runner.js:165528:18)\n    at Async../node_modules/bluebird/js/release/async.js.Async._drainQueue (http://localhost:42267/__cypress/runner/cypress_runner.js:162140:16)\n    at Async../node_modules/bluebird/js/release/async.js.Async._drainQueues (http://localhost:42267/__cypress/runner/cypress_runner.js:162150:10)\n    at Async.drainQueues (http://localhost:42267/__cypress/runner/cypress_runner.js:162024:14)",
                "diff": null
              },
              "uuid": "12d0f323-1298-4ced-b075-0c06746d52d9",
              "parentUUID": "25e2b70d-2afd-4008-89a6-5ca0ac49f681",
              "isHook": false,
              "skipped": false
            },
            {
              "title": "Verifica se o novo quadro tem todos os pixels preenchidos com a cor branca",
              "fullTitle": "13 - Crie um input que permita à pessoa usuária preencher um novo tamanho para o quadro de pixels Verifica se o novo quadro tem todos os pixels preenchidos com a cor branca",
              "timedOut": null,
              "duration": 4262,
              "state": "failed",
              "speed": null,
              "pass": false,
              "fail": true,
              "pending": false,
              "context": null,
              "code": "cy.get('#board-size').clear().type(6);\ncy.get('#generate-board').click();\ncy.get('.pixel').should('have.length', 36).each(function (pixel) {\n  expect(pixel).to.have.css('background-color', WHITE);\n});",
              "err": {
                "message": "CypressError: Timed out retrying: Expected to find element: '#board-size', but never found it.",
                "estack": "CypressError: Timed out retrying: Expected to find element: '#board-size', but never found it.\n    at cypressErr (http://localhost:42267/__cypress/runner/cypress_runner.js:149934:9)\n    at throwErr (http://localhost:42267/__cypress/runner/cypress_runner.js:149867:11)\n    at Object.throwErrByPath (http://localhost:42267/__cypress/runner/cypress_runner.js:149915:3)\n    at retry (http://localhost:42267/__cypress/runner/cypress_runner.js:144197:19)\n    at onFailFn (http://localhost:42267/__cypress/runner/cypress_runner.js:132448:16)\n    at tryCatcher (http://localhost:42267/__cypress/runner/cypress_runner.js:167415:23)\n    at Promise._settlePromiseFromHandler (http://localhost:42267/__cypress/runner/cypress_runner.js:165351:31)\n    at Promise._settlePromise (http://localhost:42267/__cypress/runner/cypress_runner.js:165408:18)\n    at Promise._settlePromise0 (http://localhost:42267/__cypress/runner/cypress_runner.js:165453:10)\n    at Promise._settlePromises (http://localhost:42267/__cypress/runner/cypress_runner.js:165528:18)\n    at Async../node_modules/bluebird/js/release/async.js.Async._drainQueue (http://localhost:42267/__cypress/runner/cypress_runner.js:162140:16)\n    at Async../node_modules/bluebird/js/release/async.js.Async._drainQueues (http://localhost:42267/__cypress/runner/cypress_runner.js:162150:10)\n    at Async.drainQueues (http://localhost:42267/__cypress/runner/cypress_runner.js:162024:14)",
                "diff": null
              },
              "uuid": "d0797622-aa58-406c-8389-a32ec871cfd9",
              "parentUUID": "25e2b70d-2afd-4008-89a6-5ca0ac49f681",
              "isHook": false,
              "skipped": false
            }
          ],
          "suites": [],
          "passes": [],
          "failures": [
            "b0ff58f6-1fbf-48fa-9670-fc303ada7f53",
            "03586d29-376c-411f-ac29-094fa24522cc",
            "c0dd4f3c-ad80-4a0c-87d3-8432f7e3f036",
            "5b029a60-fd27-47e3-9b6c-44949da35bbe",
            "c8caaa32-7ba6-496b-9e04-8b73ad403b42",
            "1fc7f15b-3b42-41d7-a6c2-eb83a4779e7b",
            "42af729a-3c15-43eb-a9a7-15718efa156c",
            "12d0f323-1298-4ced-b075-0c06746d52d9",
            "d0797622-aa58-406c-8389-a32ec871cfd9"
          ],
          "pending": [],
          "skipped": [],
          "duration": 38048,
          "root": false,
          "rootEmpty": false,
          "_timeout": 2000
        },
        {
          "uuid": "37e44b27-9d95-4209-965a-f0cdfca64b5d",
          "title": "14 - Crie uma função que limite o tamanho mínimo e máximo do quadro de pixels",
          "fullFile": "",
          "file": "",
          "beforeHooks": [],
          "afterHooks": [],
          "tests": [
            {
              "title": "Verifica se a altura máxima do board é 50",
              "fullTitle": "14 - Crie uma função que limite o tamanho mínimo e máximo do quadro de pixels Verifica se a altura máxima do board é 50",
              "timedOut": null,
              "duration": 4232,
              "state": "failed",
              "speed": null,
              "pass": false,
              "fail": true,
              "pending": false,
              "context": null,
              "code": "cy.get('#board-size').clear().type(50);\ncy.get('#generate-board').click();\ncy.get('.pixel').should('have.length', 2500);",
              "err": {
                "message": "CypressError: Timed out retrying: Expected to find element: '#board-size', but never found it.",
                "estack": "CypressError: Timed out retrying: Expected to find element: '#board-size', but never found it.\n    at cypressErr (http://localhost:42267/__cypress/runner/cypress_runner.js:149934:9)\n    at throwErr (http://localhost:42267/__cypress/runner/cypress_runner.js:149867:11)\n    at Object.throwErrByPath (http://localhost:42267/__cypress/runner/cypress_runner.js:149915:3)\n    at retry (http://localhost:42267/__cypress/runner/cypress_runner.js:144197:19)\n    at onFailFn (http://localhost:42267/__cypress/runner/cypress_runner.js:132448:16)\n    at tryCatcher (http://localhost:42267/__cypress/runner/cypress_runner.js:167415:23)\n    at Promise._settlePromiseFromHandler (http://localhost:42267/__cypress/runner/cypress_runner.js:165351:31)\n    at Promise._settlePromise (http://localhost:42267/__cypress/runner/cypress_runner.js:165408:18)\n    at Promise._settlePromise0 (http://localhost:42267/__cypress/runner/cypress_runner.js:165453:10)\n    at Promise._settlePromises (http://localhost:42267/__cypress/runner/cypress_runner.js:165528:18)\n    at Async../node_modules/bluebird/js/release/async.js.Async._drainQueue (http://localhost:42267/__cypress/runner/cypress_runner.js:162140:16)\n    at Async../node_modules/bluebird/js/release/async.js.Async._drainQueues (http://localhost:42267/__cypress/runner/cypress_runner.js:162150:10)\n    at Async.drainQueues (http://localhost:42267/__cypress/runner/cypress_runner.js:162024:14)",
                "diff": null
              },
              "uuid": "57d3123d-24ed-4828-88f0-0be0a1d00eca",
              "parentUUID": "37e44b27-9d95-4209-965a-f0cdfca64b5d",
              "isHook": false,
              "skipped": false
            },
            {
              "title": "Verifica se a altura do board é 5 quando um valor menor é colocado no input",
              "fullTitle": "14 - Crie uma função que limite o tamanho mínimo e máximo do quadro de pixels Verifica se a altura do board é 5 quando um valor menor é colocado no input",
              "timedOut": null,
              "duration": 4214,
              "state": "failed",
              "speed": null,
              "pass": false,
              "fail": true,
              "pending": false,
              "context": null,
              "code": "cy.get('#board-size').clear().type(4);\ncy.get('#generate-board').click();\ncy.get('.pixel').should('have.length', 25);",
              "err": {
                "message": "CypressError: Timed out retrying: Expected to find element: '#board-size', but never found it.",
                "estack": "CypressError: Timed out retrying: Expected to find element: '#board-size', but never found it.\n    at cypressErr (http://localhost:42267/__cypress/runner/cypress_runner.js:149934:9)\n    at throwErr (http://localhost:42267/__cypress/runner/cypress_runner.js:149867:11)\n    at Object.throwErrByPath (http://localhost:42267/__cypress/runner/cypress_runner.js:149915:3)\n    at retry (http://localhost:42267/__cypress/runner/cypress_runner.js:144197:19)\n    at onFailFn (http://localhost:42267/__cypress/runner/cypress_runner.js:132448:16)\n    at tryCatcher (http://localhost:42267/__cypress/runner/cypress_runner.js:167415:23)\n    at Promise._settlePromiseFromHandler (http://localhost:42267/__cypress/runner/cypress_runner.js:165351:31)\n    at Promise._settlePromise (http://localhost:42267/__cypress/runner/cypress_runner.js:165408:18)\n    at Promise._settlePromise0 (http://localhost:42267/__cypress/runner/cypress_runner.js:165453:10)\n    at Promise._settlePromises (http://localhost:42267/__cypress/runner/cypress_runner.js:165528:18)\n    at Async../node_modules/bluebird/js/release/async.js.Async._drainQueue (http://localhost:42267/__cypress/runner/cypress_runner.js:162140:16)\n    at Async../node_modules/bluebird/js/release/async.js.Async._drainQueues (http://localhost:42267/__cypress/runner/cypress_runner.js:162150:10)\n    at Async.drainQueues (http://localhost:42267/__cypress/runner/cypress_runner.js:162024:14)",
                "diff": null
              },
              "uuid": "3a01762a-073a-4c89-b5fa-7895b20b38f0",
              "parentUUID": "37e44b27-9d95-4209-965a-f0cdfca64b5d",
              "isHook": false,
              "skipped": false
            },
            {
              "title": "Verifica se a altura do board é 50 quando um valor maior é colocado no input",
              "fullTitle": "14 - Crie uma função que limite o tamanho mínimo e máximo do quadro de pixels Verifica se a altura do board é 50 quando um valor maior é colocado no input",
              "timedOut": null,
              "duration": 4240,
              "state": "failed",
              "speed": null,
              "pass": false,
              "fail": true,
              "pending": false,
              "context": null,
              "code": "cy.get('#board-size').clear().type(51);\ncy.get('#generate-board').click();\ncy.get('.pixel').should('have.length', 2500);",
              "err": {
                "message": "CypressError: Timed out retrying: Expected to find element: '#board-size', but never found it.",
                "estack": "CypressError: Timed out retrying: Expected to find element: '#board-size', but never found it.\n    at cypressErr (http://localhost:42267/__cypress/runner/cypress_runner.js:149934:9)\n    at throwErr (http://localhost:42267/__cypress/runner/cypress_runner.js:149867:11)\n    at Object.throwErrByPath (http://localhost:42267/__cypress/runner/cypress_runner.js:149915:3)\n    at retry (http://localhost:42267/__cypress/runner/cypress_runner.js:144197:19)\n    at onFailFn (http://localhost:42267/__cypress/runner/cypress_runner.js:132448:16)\n    at tryCatcher (http://localhost:42267/__cypress/runner/cypress_runner.js:167415:23)\n    at Promise._settlePromiseFromHandler (http://localhost:42267/__cypress/runner/cypress_runner.js:165351:31)\n    at Promise._settlePromise (http://localhost:42267/__cypress/runner/cypress_runner.js:165408:18)\n    at Promise._settlePromise0 (http://localhost:42267/__cypress/runner/cypress_runner.js:165453:10)\n    at Promise._settlePromises (http://localhost:42267/__cypress/runner/cypress_runner.js:165528:18)\n    at Async../node_modules/bluebird/js/release/async.js.Async._drainQueue (http://localhost:42267/__cypress/runner/cypress_runner.js:162140:16)\n    at Async../node_modules/bluebird/js/release/async.js.Async._drainQueues (http://localhost:42267/__cypress/runner/cypress_runner.js:162150:10)\n    at Async.drainQueues (http://localhost:42267/__cypress/runner/cypress_runner.js:162024:14)",
                "diff": null
              },
              "uuid": "c9f3e798-07d8-4e79-8dfc-10d583c2621f",
              "parentUUID": "37e44b27-9d95-4209-965a-f0cdfca64b5d",
              "isHook": false,
              "skipped": false
            }
          ],
          "suites": [],
          "passes": [],
          "failures": [
            "57d3123d-24ed-4828-88f0-0be0a1d00eca",
            "3a01762a-073a-4c89-b5fa-7895b20b38f0",
            "c9f3e798-07d8-4e79-8dfc-10d583c2621f"
          ],
          "pending": [],
          "skipped": [],
          "duration": 12686,
          "root": false,
          "rootEmpty": false,
          "_timeout": 2000
        },
        {
          "uuid": "53c9fd29-b313-4b68-88fd-641e79e68c85",
          "title": "15 - Crie uma função para manter o tamanho novo do board ao recarregar a página",
          "fullFile": "",
          "file": "",
          "beforeHooks": [],
          "afterHooks": [],
          "tests": [
            {
              "title": "O tamanho do board gerado deve ser salvo no localStorage com a chave `boardSize`",
              "fullTitle": "15 - Crie uma função para manter o tamanho novo do board ao recarregar a página O tamanho do board gerado deve ser salvo no localStorage com a chave `boardSize`",
              "timedOut": null,
              "duration": 4284,
              "state": "failed",
              "speed": null,
              "pass": false,
              "fail": true,
              "pending": false,
              "context": null,
              "code": "cy.get('#board-size').clear().type(6);\ncy.get('#generate-board').click();\ncy.reload().then(function () {\n  var boardSize = JSON.parse(localStorage.getItem('boardSize'));\n  expect(boardSize).to.not.equal(null);\n});",
              "err": {
                "message": "CypressError: Timed out retrying: Expected to find element: '#board-size', but never found it.",
                "estack": "CypressError: Timed out retrying: Expected to find element: '#board-size', but never found it.\n    at cypressErr (http://localhost:42267/__cypress/runner/cypress_runner.js:149934:9)\n    at throwErr (http://localhost:42267/__cypress/runner/cypress_runner.js:149867:11)\n    at Object.throwErrByPath (http://localhost:42267/__cypress/runner/cypress_runner.js:149915:3)\n    at retry (http://localhost:42267/__cypress/runner/cypress_runner.js:144197:19)\n    at onFailFn (http://localhost:42267/__cypress/runner/cypress_runner.js:132448:16)\n    at tryCatcher (http://localhost:42267/__cypress/runner/cypress_runner.js:167415:23)\n    at Promise._settlePromiseFromHandler (http://localhost:42267/__cypress/runner/cypress_runner.js:165351:31)\n    at Promise._settlePromise (http://localhost:42267/__cypress/runner/cypress_runner.js:165408:18)\n    at Promise._settlePromise0 (http://localhost:42267/__cypress/runner/cypress_runner.js:165453:10)\n    at Promise._settlePromises (http://localhost:42267/__cypress/runner/cypress_runner.js:165528:18)\n    at Async../node_modules/bluebird/js/release/async.js.Async._drainQueue (http://localhost:42267/__cypress/runner/cypress_runner.js:162140:16)\n    at Async../node_modules/bluebird/js/release/async.js.Async._drainQueues (http://localhost:42267/__cypress/runner/cypress_runner.js:162150:10)\n    at Async.drainQueues (http://localhost:42267/__cypress/runner/cypress_runner.js:162024:14)",
                "diff": null
              },
              "uuid": "c67e1843-bd67-477c-9097-2116802ebf3e",
              "parentUUID": "53c9fd29-b313-4b68-88fd-641e79e68c85",
              "isHook": false,
              "skipped": false
            },
            {
              "title": "O quadro deve ter o mesmo tamanho gerado ao recarregar a página.",
              "fullTitle": "15 - Crie uma função para manter o tamanho novo do board ao recarregar a página O quadro deve ter o mesmo tamanho gerado ao recarregar a página.",
              "timedOut": null,
              "duration": 4271,
              "state": "failed",
              "speed": null,
              "pass": false,
              "fail": true,
              "pending": false,
              "context": null,
              "code": "cy.get('#board-size').clear().type(6);\ncy.get('#generate-board').click();\ncy.reload();\ncy.get('.pixel').should('have.length', 36);",
              "err": {
                "message": "CypressError: Timed out retrying: Expected to find element: '#board-size', but never found it.",
                "estack": "CypressError: Timed out retrying: Expected to find element: '#board-size', but never found it.\n    at cypressErr (http://localhost:42267/__cypress/runner/cypress_runner.js:149934:9)\n    at throwErr (http://localhost:42267/__cypress/runner/cypress_runner.js:149867:11)\n    at Object.throwErrByPath (http://localhost:42267/__cypress/runner/cypress_runner.js:149915:3)\n    at retry (http://localhost:42267/__cypress/runner/cypress_runner.js:144197:19)\n    at onFailFn (http://localhost:42267/__cypress/runner/cypress_runner.js:132448:16)\n    at tryCatcher (http://localhost:42267/__cypress/runner/cypress_runner.js:167415:23)\n    at Promise._settlePromiseFromHandler (http://localhost:42267/__cypress/runner/cypress_runner.js:165351:31)\n    at Promise._settlePromise (http://localhost:42267/__cypress/runner/cypress_runner.js:165408:18)\n    at Promise._settlePromise0 (http://localhost:42267/__cypress/runner/cypress_runner.js:165453:10)\n    at Promise._settlePromises (http://localhost:42267/__cypress/runner/cypress_runner.js:165528:18)\n    at Async../node_modules/bluebird/js/release/async.js.Async._drainQueue (http://localhost:42267/__cypress/runner/cypress_runner.js:162140:16)\n    at Async../node_modules/bluebird/js/release/async.js.Async._drainQueues (http://localhost:42267/__cypress/runner/cypress_runner.js:162150:10)\n    at Async.drainQueues (http://localhost:42267/__cypress/runner/cypress_runner.js:162024:14)",
                "diff": null
              },
              "uuid": "05af814d-667c-495d-a07b-a7fc2d2cd45b",
              "parentUUID": "53c9fd29-b313-4b68-88fd-641e79e68c85",
              "isHook": false,
              "skipped": false
            }
          ],
          "suites": [],
          "passes": [],
          "failures": [
            "c67e1843-bd67-477c-9097-2116802ebf3e",
            "05af814d-667c-495d-a07b-a7fc2d2cd45b"
          ],
          "pending": [],
          "skipped": [],
          "duration": 8555,
          "root": false,
          "rootEmpty": false,
          "_timeout": 2000
        }
      ],
      "passes": [],
      "failures": [],
      "pending": [],
      "skipped": [],
      "duration": 0,
      "root": true,
      "rootEmpty": true,
      "_timeout": 2000
    }
  ],
  "meta": {
    "mocha": {
      "version": "7.0.1"
    },
    "mochawesome": {
      "options": {
        "quiet": false,
        "reportFilename": "mochawesome",
        "saveHtml": false,
        "saveJson": true,
        "consoleReporter": "spec",
        "useInlineDiffs": false
      },
      "version": "4.1.0"
    },
    "marge": {
      "options": {
        "id": "default",
        "reportDir": "cypress/reports",
        "overwrite": true,
        "html": false,
        "json": true
      },
      "version": "4.1.0"
    }
  }
}